69911:C 05 Jun 09:49:05.547 # Can't chdir to '/var/lib/redis': Permission denied
72213:M 05 Jun 10:17:21.518 * Increased maximum number of open files to 10032 (it was originally set to 1024).
72213:M 05 Jun 10:17:21.519 * No cluster configuration found, I'm 75292c4a4a63dccbdeae25218be490bb1d73365d
                _._                                                  
           _.-``__ ''-._                                             
      _.-``    `.  `_.  ''-._           Redis 3.2.10 (00000000/0) 64 bit
  .-`` .-```.  ```\/    _.,_ ''-._                                   
 (    '      ,       .-`  | `,    )     Running in cluster mode
 |`-._`-...-` __...-.``-._|'` _.-'|     Port: 7005
 |    `-._   `._    /     _.-'    |     PID: 72213
  `-._    `-._  `-./  _.-'    _.-'                                   
 |`-._`-._    `-.__.-'    _.-'_.-'|                                  
 |    `-._`-._        _.-'_.-'    |           http://redis.io        
  `-._    `-._`-.__.-'_.-'    _.-'                                   
 |`-._`-._    `-.__.-'    _.-'_.-'|                                  
 |    `-._`-._        _.-'_.-'    |                                  
  `-._    `-._`-.__.-'_.-'    _.-'                                   
      `-._    `-.__.-'    _.-'                                       
          `-._        _.-'                                           
              `-.__.-'                                               

72213:M 05 Jun 10:17:21.523 # WARNING: The TCP backlog setting of 511 cannot be enforced because /proc/sys/net/core/somaxconn is set to the lower value of 128.
72213:M 05 Jun 10:17:21.524 # Server started, Redis version 3.2.10
72213:M 05 Jun 10:17:21.524 # WARNING overcommit_memory is set to 0! Background save may fail under low memory condition. To fix this issue add 'vm.overcommit_memory = 1' to /etc/sysctl.conf and then reboot or run the command 'sysctl vm.overcommit_memory=1' for this to take effect.
72213:M 05 Jun 10:17:21.524 # WARNING you have Transparent Huge Pages (THP) support enabled in your kernel. This will create latency and memory usage issues with Redis. To fix this issue run the command 'echo never > /sys/kernel/mm/transparent_hugepage/enabled' as root, and add it to your /etc/rc.local in order to retain the setting after a reboot. Redis must be restarted after THP is disabled.
72213:M 05 Jun 10:17:21.525 * The server is now ready to accept connections on port 7005
72213:M 05 Jun 10:17:57.370 # configEpoch set to 6 via CLUSTER SET-CONFIG-EPOCH
72213:M 05 Jun 10:17:57.572 # IP address for this node updated to 127.0.0.1
72213:S 05 Jun 10:18:01.409 # Cluster state changed: ok
72213:S 05 Jun 10:18:01.909 * Connecting to MASTER 127.0.0.1:7000
72213:S 05 Jun 10:18:01.910 * MASTER <-> SLAVE sync started
72213:S 05 Jun 10:18:01.910 * Non blocking connect for SYNC fired the event.
72213:S 05 Jun 10:18:01.911 * Master replied to PING, replication can continue...
72213:S 05 Jun 10:18:01.912 * Partial resynchronization not possible (no cached master)
72213:S 05 Jun 10:18:01.918 * Full resync from master: adeee8e0ecdf76c4d95c2f90aa79542f8b42b59b:1
72213:S 05 Jun 10:18:02.007 * MASTER <-> SLAVE sync: receiving 77 bytes from master
72213:S 05 Jun 10:18:02.008 * MASTER <-> SLAVE sync: Flushing old data
72213:S 05 Jun 10:18:02.008 * MASTER <-> SLAVE sync: Loading DB in memory
72213:S 05 Jun 10:18:02.008 * MASTER <-> SLAVE sync: Finished with success
72213:S 05 Jun 10:18:02.009 * Background append only file rewriting started by pid 72262
72213:S 05 Jun 10:18:02.050 * AOF rewrite child asks to stop sending diffs.
72262:C 05 Jun 10:18:02.051 * Parent agreed to stop sending diffs. Finalizing AOF...
72262:C 05 Jun 10:18:02.051 * Concatenating 0.00 MB of AOF diff received from parent.
72262:C 05 Jun 10:18:02.051 * SYNC append only file rewrite performed
72262:C 05 Jun 10:18:02.052 * AOF rewrite: 2 MB of memory used by copy-on-write
72213:S 05 Jun 10:18:02.110 * Background AOF rewrite terminated with success
72213:S 05 Jun 10:18:02.111 * Residual parent diff successfully flushed to the rewritten AOF (0.00 MB)
72213:S 05 Jun 10:18:02.111 * Background AOF rewrite finished successfully
72213:signal-handler (1528185491) Received SIGTERM scheduling shutdown...
72213:S 05 Jun 15:58:11.497 # User requested shutdown...
72213:S 05 Jun 15:58:11.497 * Calling fsync() on the AOF file.
72213:S 05 Jun 15:58:11.497 * Saving the final RDB snapshot before exiting.
72213:S 05 Jun 15:58:12.700 * DB saved on disk
72213:S 05 Jun 15:58:12.700 * Removing the pid file.
72213:S 05 Jun 15:58:12.700 # Redis is now ready to exit, bye bye...
72851:M 11 Jun 17:53:37.285 * Increased maximum number of open files to 10032 (it was originally set to 1024).
72851:M 11 Jun 17:53:37.301 * Node configuration loaded, I'm 75292c4a4a63dccbdeae25218be490bb1d73365d
                _._                                                  
           _.-``__ ''-._                                             
      _.-``    `.  `_.  ''-._           Redis 3.2.10 (00000000/0) 64 bit
  .-`` .-```.  ```\/    _.,_ ''-._                                   
 (    '      ,       .-`  | `,    )     Running in cluster mode
 |`-._`-...-` __...-.``-._|'` _.-'|     Port: 7005
 |    `-._   `._    /     _.-'    |     PID: 72851
  `-._    `-._  `-./  _.-'    _.-'                                   
 |`-._`-._    `-.__.-'    _.-'_.-'|                                  
 |    `-._`-._        _.-'_.-'    |           http://redis.io        
  `-._    `-._`-.__.-'_.-'    _.-'                                   
 |`-._`-._    `-.__.-'    _.-'_.-'|                                  
 |    `-._`-._        _.-'_.-'    |                                  
  `-._    `-._`-.__.-'_.-'    _.-'                                   
      `-._    `-.__.-'    _.-'                                       
          `-._        _.-'                                           
              `-.__.-'                                               

72851:M 11 Jun 17:53:37.302 # WARNING: The TCP backlog setting of 511 cannot be enforced because /proc/sys/net/core/somaxconn is set to the lower value of 128.
72851:M 11 Jun 17:53:37.302 # Server started, Redis version 3.2.10
72851:M 11 Jun 17:53:37.302 # WARNING overcommit_memory is set to 0! Background save may fail under low memory condition. To fix this issue add 'vm.overcommit_memory = 1' to /etc/sysctl.conf and then reboot or run the command 'sysctl vm.overcommit_memory=1' for this to take effect.
72851:M 11 Jun 17:53:37.302 # WARNING you have Transparent Huge Pages (THP) support enabled in your kernel. This will create latency and memory usage issues with Redis. To fix this issue run the command 'echo never > /sys/kernel/mm/transparent_hugepage/enabled' as root, and add it to your /etc/rc.local in order to retain the setting after a reboot. Redis must be restarted after THP is disabled.
72851:M 11 Jun 17:53:37.302 * The server is now ready to accept connections on port 7005
72851:S 11 Jun 17:53:37.303 # Cluster state changed: ok
72851:S 11 Jun 17:53:38.318 * Connecting to MASTER 127.0.0.1:7000
72851:S 11 Jun 17:53:38.318 * MASTER <-> SLAVE sync started
72851:S 11 Jun 17:53:38.318 * Non blocking connect for SYNC fired the event.
72851:S 11 Jun 17:53:38.319 * Master replied to PING, replication can continue...
72851:S 11 Jun 17:53:38.320 * Partial resynchronization not possible (no cached master)
72851:S 11 Jun 17:53:38.326 * Full resync from master: e74203054d6f9a81a418d0f537c0b7b4cfe2f7ba:1
72851:S 11 Jun 17:53:38.396 * MASTER <-> SLAVE sync: receiving 77 bytes from master
72851:S 11 Jun 17:53:38.396 * MASTER <-> SLAVE sync: Flushing old data
72851:S 11 Jun 17:53:38.396 * MASTER <-> SLAVE sync: Loading DB in memory
72851:S 11 Jun 17:53:38.397 * MASTER <-> SLAVE sync: Finished with success
72851:S 11 Jun 17:53:38.398 * Background append only file rewriting started by pid 72861
72851:S 11 Jun 17:53:38.450 * AOF rewrite child asks to stop sending diffs.
72861:C 11 Jun 17:53:38.450 * Parent agreed to stop sending diffs. Finalizing AOF...
72861:C 11 Jun 17:53:38.451 * Concatenating 0.00 MB of AOF diff received from parent.
72861:C 11 Jun 17:53:38.451 * SYNC append only file rewrite performed
72861:C 11 Jun 17:53:38.452 * AOF rewrite: 4 MB of memory used by copy-on-write
72851:S 11 Jun 17:53:38.522 * Background AOF rewrite terminated with success
72851:S 11 Jun 17:53:38.523 * Residual parent diff successfully flushed to the rewritten AOF (0.00 MB)
72851:S 11 Jun 17:53:38.523 * Background AOF rewrite finished successfully
