69908:C 05 Jun 09:49:02.303 # Can't chdir to '/var/lib/redis': Permission denied
72200:M 05 Jun 10:17:11.833 * Increased maximum number of open files to 10032 (it was originally set to 1024).
72200:M 05 Jun 10:17:11.834 * No cluster configuration found, I'm 1314dfcdf9751806177c4eb24ab5fb5fac1baab4
                _._                                                  
           _.-``__ ''-._                                             
      _.-``    `.  `_.  ''-._           Redis 3.2.10 (00000000/0) 64 bit
  .-`` .-```.  ```\/    _.,_ ''-._                                   
 (    '      ,       .-`  | `,    )     Running in cluster mode
 |`-._`-...-` __...-.``-._|'` _.-'|     Port: 7004
 |    `-._   `._    /     _.-'    |     PID: 72200
  `-._    `-._  `-./  _.-'    _.-'                                   
 |`-._`-._    `-.__.-'    _.-'_.-'|                                  
 |    `-._`-._        _.-'_.-'    |           http://redis.io        
  `-._    `-._`-.__.-'_.-'    _.-'                                   
 |`-._`-._    `-.__.-'    _.-'_.-'|                                  
 |    `-._`-._        _.-'_.-'    |                                  
  `-._    `-._`-.__.-'_.-'    _.-'                                   
      `-._    `-.__.-'    _.-'                                       
          `-._        _.-'                                           
              `-.__.-'                                               

72200:M 05 Jun 10:17:11.839 # WARNING: The TCP backlog setting of 511 cannot be enforced because /proc/sys/net/core/somaxconn is set to the lower value of 128.
72200:M 05 Jun 10:17:11.839 # Server started, Redis version 3.2.10
72200:M 05 Jun 10:17:11.839 # WARNING overcommit_memory is set to 0! Background save may fail under low memory condition. To fix this issue add 'vm.overcommit_memory = 1' to /etc/sysctl.conf and then reboot or run the command 'sysctl vm.overcommit_memory=1' for this to take effect.
72200:M 05 Jun 10:17:11.839 # WARNING you have Transparent Huge Pages (THP) support enabled in your kernel. This will create latency and memory usage issues with Redis. To fix this issue run the command 'echo never > /sys/kernel/mm/transparent_hugepage/enabled' as root, and add it to your /etc/rc.local in order to retain the setting after a reboot. Redis must be restarted after THP is disabled.
72200:M 05 Jun 10:17:11.840 * The server is now ready to accept connections on port 7004
72200:M 05 Jun 10:17:57.370 # configEpoch set to 5 via CLUSTER SET-CONFIG-EPOCH
72200:M 05 Jun 10:17:57.471 # IP address for this node updated to 127.0.0.1
72200:S 05 Jun 10:18:01.408 # Cluster state changed: ok
72200:S 05 Jun 10:18:02.310 * Connecting to MASTER 127.0.0.1:7002
72200:S 05 Jun 10:18:02.311 * MASTER <-> SLAVE sync started
72200:S 05 Jun 10:18:02.311 * Non blocking connect for SYNC fired the event.
72200:S 05 Jun 10:18:02.312 * Master replied to PING, replication can continue...
72200:S 05 Jun 10:18:02.313 * Partial resynchronization not possible (no cached master)
72200:S 05 Jun 10:18:02.316 * Full resync from master: b5756a0f44253f7f5c062e3c9f33d2ae3ff96c5a:1
72200:S 05 Jun 10:18:02.412 * MASTER <-> SLAVE sync: receiving 77 bytes from master
72200:S 05 Jun 10:18:02.413 * MASTER <-> SLAVE sync: Flushing old data
72200:S 05 Jun 10:18:02.413 * MASTER <-> SLAVE sync: Loading DB in memory
72200:S 05 Jun 10:18:02.413 * MASTER <-> SLAVE sync: Finished with success
72200:S 05 Jun 10:18:02.415 * Background append only file rewriting started by pid 72266
72200:S 05 Jun 10:18:02.457 * AOF rewrite child asks to stop sending diffs.
72266:C 05 Jun 10:18:02.458 * Parent agreed to stop sending diffs. Finalizing AOF...
72266:C 05 Jun 10:18:02.458 * Concatenating 0.00 MB of AOF diff received from parent.
72266:C 05 Jun 10:18:02.459 * SYNC append only file rewrite performed
72266:C 05 Jun 10:18:02.459 * AOF rewrite: 2 MB of memory used by copy-on-write
72200:S 05 Jun 10:18:02.513 * Background AOF rewrite terminated with success
72200:S 05 Jun 10:18:02.514 * Residual parent diff successfully flushed to the rewritten AOF (0.00 MB)
72200:S 05 Jun 10:18:02.514 * Background AOF rewrite finished successfully
72200:signal-handler (1528185491) Received SIGTERM scheduling shutdown...
72200:S 05 Jun 15:58:11.492 # User requested shutdown...
72200:S 05 Jun 15:58:11.492 * Calling fsync() on the AOF file.
72200:S 05 Jun 15:58:11.492 * Saving the final RDB snapshot before exiting.
72200:S 05 Jun 15:58:12.652 * DB saved on disk
72200:S 05 Jun 15:58:12.652 * Removing the pid file.
72200:S 05 Jun 15:58:12.652 # Redis is now ready to exit, bye bye...
72847:M 11 Jun 17:53:37.272 * Increased maximum number of open files to 10032 (it was originally set to 1024).
72847:M 11 Jun 17:53:37.291 * Node configuration loaded, I'm 1314dfcdf9751806177c4eb24ab5fb5fac1baab4
                _._                                                  
           _.-``__ ''-._                                             
      _.-``    `.  `_.  ''-._           Redis 3.2.10 (00000000/0) 64 bit
  .-`` .-```.  ```\/    _.,_ ''-._                                   
 (    '      ,       .-`  | `,    )     Running in cluster mode
 |`-._`-...-` __...-.``-._|'` _.-'|     Port: 7004
 |    `-._   `._    /     _.-'    |     PID: 72847
  `-._    `-._  `-./  _.-'    _.-'                                   
 |`-._`-._    `-.__.-'    _.-'_.-'|                                  
 |    `-._`-._        _.-'_.-'    |           http://redis.io        
  `-._    `-._`-.__.-'_.-'    _.-'                                   
 |`-._`-._    `-.__.-'    _.-'_.-'|                                  
 |    `-._`-._        _.-'_.-'    |                                  
  `-._    `-._`-.__.-'_.-'    _.-'                                   
      `-._    `-.__.-'    _.-'                                       
          `-._        _.-'                                           
              `-.__.-'                                               

72847:M 11 Jun 17:53:37.292 # WARNING: The TCP backlog setting of 511 cannot be enforced because /proc/sys/net/core/somaxconn is set to the lower value of 128.
72847:M 11 Jun 17:53:37.292 # Server started, Redis version 3.2.10
72847:M 11 Jun 17:53:37.292 # WARNING overcommit_memory is set to 0! Background save may fail under low memory condition. To fix this issue add 'vm.overcommit_memory = 1' to /etc/sysctl.conf and then reboot or run the command 'sysctl vm.overcommit_memory=1' for this to take effect.
72847:M 11 Jun 17:53:37.292 # WARNING you have Transparent Huge Pages (THP) support enabled in your kernel. This will create latency and memory usage issues with Redis. To fix this issue run the command 'echo never > /sys/kernel/mm/transparent_hugepage/enabled' as root, and add it to your /etc/rc.local in order to retain the setting after a reboot. Redis must be restarted after THP is disabled.
72847:M 11 Jun 17:53:37.292 * The server is now ready to accept connections on port 7004
72847:S 11 Jun 17:53:37.293 # Cluster state changed: ok
72847:S 11 Jun 17:53:38.312 * Connecting to MASTER 127.0.0.1:7002
72847:S 11 Jun 17:53:38.313 * MASTER <-> SLAVE sync started
72847:S 11 Jun 17:53:38.313 * Non blocking connect for SYNC fired the event.
72847:S 11 Jun 17:53:38.318 * Master replied to PING, replication can continue...
72847:S 11 Jun 17:53:38.319 * Partial resynchronization not possible (no cached master)
72847:S 11 Jun 17:53:38.328 * Full resync from master: 38f43a5eaa27272442e4a4d523eddd09a236ea74:1
72847:S 11 Jun 17:53:38.381 * MASTER <-> SLAVE sync: receiving 77 bytes from master
72847:S 11 Jun 17:53:38.381 * MASTER <-> SLAVE sync: Flushing old data
72847:S 11 Jun 17:53:38.381 * MASTER <-> SLAVE sync: Loading DB in memory
72847:S 11 Jun 17:53:38.381 * MASTER <-> SLAVE sync: Finished with success
72847:S 11 Jun 17:53:38.382 * Background append only file rewriting started by pid 72860
72847:S 11 Jun 17:53:38.432 * AOF rewrite child asks to stop sending diffs.
72860:C 11 Jun 17:53:38.433 * Parent agreed to stop sending diffs. Finalizing AOF...
72860:C 11 Jun 17:53:38.433 * Concatenating 0.00 MB of AOF diff received from parent.
72860:C 11 Jun 17:53:38.433 * SYNC append only file rewrite performed
72860:C 11 Jun 17:53:38.434 * AOF rewrite: 4 MB of memory used by copy-on-write
72847:S 11 Jun 17:53:38.517 * Background AOF rewrite terminated with success
72847:S 11 Jun 17:53:38.518 * Residual parent diff successfully flushed to the rewritten AOF (0.00 MB)
72847:S 11 Jun 17:53:38.518 * Background AOF rewrite finished successfully
